2022-03-09  9:43:39 0 [Note] InnoDB: Mutexes and rw_locks use Windows interlocked functions
2022-03-09  9:43:39 0 [Note] InnoDB: Uses event mutexes
2022-03-09  9:43:39 0 [Note] InnoDB: Compressed tables use zlib 1.2.11
2022-03-09  9:43:39 0 [Note] InnoDB: Number of pools: 1
2022-03-09  9:43:39 0 [Note] InnoDB: Using SSE2 crc32 instructions
2022-03-09  9:43:39 0 [Note] InnoDB: Initializing buffer pool, total size = 16M, instances = 1, chunk size = 16M
2022-03-09  9:43:39 0 [Note] InnoDB: Completed initialization of buffer pool
2022-03-09  9:43:39 0 [Note] InnoDB: Starting crash recovery from checkpoint LSN=300288
2022-03-09  9:43:39 0 [Note] InnoDB: 128 out of 128 rollback segments are active.
2022-03-09  9:43:39 0 [Note] InnoDB: Removed temporary tablespace data file: "ibtmp1"
2022-03-09  9:43:39 0 [Note] InnoDB: Creating shared tablespace for temporary tables
2022-03-09  9:43:39 0 [Note] InnoDB: Setting file 'C:\Own\Xamp\mysql\data\ibtmp1' size to 12 MB. Physically writing the file full; Please wait ...
2022-03-09  9:43:39 0 [Note] InnoDB: File 'C:\Own\Xamp\mysql\data\ibtmp1' size is now 12 MB.
2022-03-09  9:43:39 0 [Note] InnoDB: Waiting for purge to start
2022-03-09  9:43:39 0 [Note] InnoDB: 10.4.22 started; log sequence number 300297; transaction id 170
2022-03-09  9:43:39 0 [Note] InnoDB: Loading buffer pool(s) from C:\Own\Xamp\mysql\data\ib_buffer_pool
2022-03-09  9:43:39 0 [Note] Plugin 'FEEDBACK' is disabled.
2022-03-09  9:43:39 0 [Note] Server socket created on IP: '::'.
2022-03-10  7:45:49 0 [Note] InnoDB: Mutexes and rw_locks use Windows interlocked functions
2022-03-10  7:45:49 0 [Note] InnoDB: Uses event mutexes
2022-03-10  7:45:49 0 [Note] InnoDB: Compressed tables use zlib 1.2.11
2022-03-10  7:45:49 0 [Note] InnoDB: Number of pools: 1
2022-03-10  7:45:49 0 [Note] InnoDB: Using SSE2 crc32 instructions
2022-03-10  7:45:49 0 [Note] InnoDB: Initializing buffer pool, total size = 16M, instances = 1, chunk size = 16M
2022-03-10  7:45:49 0 [Note] InnoDB: Completed initialization of buffer pool
2022-03-10  7:45:49 0 [Note] InnoDB: Starting crash recovery from checkpoint LSN=2290398
2022-03-10  7:45:50 0 [Note] InnoDB: 128 out of 128 rollback segments are active.
2022-03-10  7:45:50 0 [Note] InnoDB: Removed temporary tablespace data file: "ibtmp1"
2022-03-10  7:45:50 0 [Note] InnoDB: Creating shared tablespace for temporary tables
2022-03-10  7:45:50 0 [Note] InnoDB: Setting file 'C:\Own\Xamp\mysql\data\ibtmp1' size to 12 MB. Physically writing the file full; Please wait ...
2022-03-10  7:45:50 0 [Note] InnoDB: File 'C:\Own\Xamp\mysql\data\ibtmp1' size is now 12 MB.
2022-03-10  7:45:50 0 [Note] InnoDB: Waiting for purge to start
2022-03-10  7:45:50 0 [Note] InnoDB: 10.4.22 started; log sequence number 2290407; transaction id 912
2022-03-10  7:45:50 0 [Note] InnoDB: Loading buffer pool(s) from C:\Own\Xamp\mysql\data\ib_buffer_pool
2022-03-10  7:45:50 0 [Note] Plugin 'FEEDBACK' is disabled.
2022-03-10  7:45:50 0 [Note] InnoDB: Buffer pool(s) load completed at 220310  7:45:50
2022-03-10  7:45:50 0 [Note] Server socket created on IP: '::'.
2022-03-10  7:46:30 0 [Note] InnoDB: Mutexes and rw_locks use Windows interlocked functions
2022-03-10  7:46:30 0 [Note] InnoDB: Uses event mutexes
2022-03-10  7:46:30 0 [Note] InnoDB: Compressed tables use zlib 1.2.11
2022-03-10  7:46:30 0 [Note] InnoDB: Number of pools: 1
2022-03-10  7:46:30 0 [Note] InnoDB: Using SSE2 crc32 instructions
2022-03-10  7:46:30 0 [Note] InnoDB: Initializing buffer pool, total size = 16M, instances = 1, chunk size = 16M
2022-03-10  7:46:30 0 [Note] InnoDB: Completed initialization of buffer pool
2022-03-10  7:46:30 0 [Note] InnoDB: Starting crash recovery from checkpoint LSN=2290398
2022-03-10  7:46:30 0 [Note] InnoDB: 128 out of 128 rollback segments are active.
2022-03-10  7:46:30 0 [Note] InnoDB: Removed temporary tablespace data file: "ibtmp1"
2022-03-10  7:46:30 0 [Note] InnoDB: Creating shared tablespace for temporary tables
2022-03-10  7:46:30 0 [Note] InnoDB: Setting file 'C:\Own\Xamp\mysql\data\ibtmp1' size to 12 MB. Physically writing the file full; Please wait ...
2022-03-10  7:46:30 0 [Note] InnoDB: File 'C:\Own\Xamp\mysql\data\ibtmp1' size is now 12 MB.
2022-03-10  7:46:30 0 [Note] InnoDB: Waiting for purge to start
2022-03-10  7:46:30 0 [Note] InnoDB: 10.4.22 started; log sequence number 2290425; transaction id 912
2022-03-10  7:46:30 0 [Note] InnoDB: Loading buffer pool(s) from C:\Own\Xamp\mysql\data\ib_buffer_pool
2022-03-10  7:46:30 0 [Note] Plugin 'FEEDBACK' is disabled.
2022-03-10  7:46:30 0 [Note] Server socket created on IP: '::'.
2022-03-11 21:08:38 0 [Note] InnoDB: Mutexes and rw_locks use Windows interlocked functions
2022-03-11 21:08:38 0 [Note] InnoDB: Uses event mutexes
2022-03-11 21:08:38 0 [Note] InnoDB: Compressed tables use zlib 1.2.11
2022-03-11 21:08:38 0 [Note] InnoDB: Number of pools: 1
2022-03-11 21:08:38 0 [Note] InnoDB: Using SSE2 crc32 instructions
2022-03-11 21:08:38 0 [Note] InnoDB: Initializing buffer pool, total size = 16M, instances = 1, chunk size = 16M
2022-03-11 21:08:38 0 [Note] InnoDB: Completed initialization of buffer pool
2022-03-11 21:08:38 0 [Note] InnoDB: Starting crash recovery from checkpoint LSN=10848038
2022-03-11 21:08:39 0 [Note] InnoDB: 128 out of 128 rollback segments are active.
2022-03-11 21:08:39 0 [Note] InnoDB: Removed temporary tablespace data file: "ibtmp1"
2022-03-11 21:08:39 0 [Note] InnoDB: Creating shared tablespace for temporary tables
2022-03-11 21:08:39 0 [Note] InnoDB: Setting file 'C:\Own\Xamp\mysql\data\ibtmp1' size to 12 MB. Physically writing the file full; Please wait ...
2022-03-11 21:08:39 0 [Note] InnoDB: File 'C:\Own\Xamp\mysql\data\ibtmp1' size is now 12 MB.
2022-03-11 21:08:39 0 [Note] InnoDB: Waiting for purge to start
2022-03-11 21:08:39 0 [Note] InnoDB: 10.4.22 started; log sequence number 10848047; transaction id 9001
2022-03-11 21:08:39 0 [Note] InnoDB: Loading buffer pool(s) from C:\Own\Xamp\mysql\data\ib_buffer_pool
2022-03-11 21:08:39 0 [Note] Plugin 'FEEDBACK' is disabled.
2022-03-11 21:08:39 0 [Note] InnoDB: Buffer pool(s) load completed at 220311 21:08:39
2022-03-11 21:08:39 0 [Note] Server socket created on IP: '::'.
2022-03-15  8:41:07 0 [Note] InnoDB: Mutexes and rw_locks use Windows interlocked functions
2022-03-15  8:41:07 0 [Note] InnoDB: Uses event mutexes
2022-03-15  8:41:07 0 [Note] InnoDB: Compressed tables use zlib 1.2.11
2022-03-15  8:41:07 0 [Note] InnoDB: Number of pools: 1
2022-03-15  8:41:07 0 [Note] InnoDB: Using SSE2 crc32 instructions
2022-03-15  8:41:07 0 [Note] InnoDB: Initializing buffer pool, total size = 16M, instances = 1, chunk size = 16M
2022-03-15  8:41:07 0 [Note] InnoDB: Completed initialization of buffer pool
2022-03-15  8:41:08 0 [Note] InnoDB: Starting crash recovery from checkpoint LSN=11387956
2022-03-15  8:41:08 0 [Note] InnoDB: Starting final batch to recover 3 pages from redo log.
2022-03-15  8:41:09 0 [Note] InnoDB: 128 out of 128 rollback segments are active.
2022-03-15  8:41:09 0 [Note] InnoDB: Removed temporary tablespace data file: "ibtmp1"
2022-03-15  8:41:09 0 [Note] InnoDB: Creating shared tablespace for temporary tables
2022-03-15  8:41:09 0 [Note] InnoDB: Setting file 'C:\Own\Xamp\mysql\data\ibtmp1' size to 12 MB. Physically writing the file full; Please wait ...
2022-03-15  8:41:09 0 [Note] InnoDB: File 'C:\Own\Xamp\mysql\data\ibtmp1' size is now 12 MB.
2022-03-15  8:41:09 0 [Note] InnoDB: Waiting for purge to start
2022-03-15  8:41:09 0 [Note] InnoDB: 10.4.22 started; log sequence number 11388717; transaction id 9771
2022-03-15  8:41:09 0 [Note] InnoDB: Loading buffer pool(s) from C:\Own\Xamp\mysql\data\ib_buffer_pool
2022-03-15  8:41:09 0 [Note] Plugin 'FEEDBACK' is disabled.
2022-03-15  8:41:09 0 [Note] InnoDB: Buffer pool(s) load completed at 220315  8:41:09
2022-03-15  8:41:09 0 [Note] Server socket created on IP: '::'.
2022-03-15 20:20:28 0 [Note] InnoDB: Mutexes and rw_locks use Windows interlocked functions
2022-03-15 20:20:28 0 [Note] InnoDB: Uses event mutexes
2022-03-15 20:20:28 0 [Note] InnoDB: Compressed tables use zlib 1.2.11
2022-03-15 20:20:28 0 [Note] InnoDB: Number of pools: 1
2022-03-15 20:20:28 0 [Note] InnoDB: Using SSE2 crc32 instructions
2022-03-15 20:20:28 0 [Note] InnoDB: Initializing buffer pool, total size = 16M, instances = 1, chunk size = 16M
2022-03-15 20:20:28 0 [Note] InnoDB: Completed initialization of buffer pool
2022-03-15 20:20:28 0 [Note] InnoDB: Starting crash recovery from checkpoint LSN=18184380
2022-03-15 20:20:28 0 [Note] InnoDB: 128 out of 128 rollback segments are active.
2022-03-15 20:20:28 0 [Note] InnoDB: Removed temporary tablespace data file: "ibtmp1"
2022-03-15 20:20:28 0 [Note] InnoDB: Creating shared tablespace for temporary tables
2022-03-15 20:20:28 0 [Note] InnoDB: Setting file 'C:\Own\Xamp\mysql\data\ibtmp1' size to 12 MB. Physically writing the file full; Please wait ...
2022-03-15 20:20:28 0 [Note] InnoDB: File 'C:\Own\Xamp\mysql\data\ibtmp1' size is now 12 MB.
2022-03-15 20:20:28 0 [Note] InnoDB: Waiting for purge to start
2022-03-15 20:20:29 0 [Note] InnoDB: 10.4.22 started; log sequence number 18184389; transaction id 17079
2022-03-15 20:20:29 0 [Note] InnoDB: Loading buffer pool(s) from C:\Own\Xamp\mysql\data\ib_buffer_pool
2022-03-15 20:20:29 0 [Note] Plugin 'FEEDBACK' is disabled.
2022-03-15 20:20:29 0 [Note] InnoDB: Buffer pool(s) load completed at 220315 20:20:29
2022-03-15 20:20:29 0 [Note] Server socket created on IP: '::'.
